
ROM used:   4330/32768 (13%)
            4330/32768 (13%) including unused fragments

            0.8 Average locations per line
            7.1 Average locations per statement

RAM used:   198/2048 (10%) at main() level
            233/2048 (11%) worst case

Stack used: 13 worst case (4 in main + 9 for interrupts)
Stack size: 31

Lines Stmts  %   Files
----- ----- ---  -----
   65    51   8  main.c
   49     0   0  main.h
  837     0   0  ..\..\..\..\..\..\Program Files\PICC\Devices\18F4550.h
  228     0   0  ..\..\..\..\..\..\Program Files\PICC\Drivers\pic18_usb.h
  328     0   0  ..\..\..\..\..\..\Program Files\PICC\Drivers\usb_hw_layer.h
  369     0   0  ..\..\..\..\..\..\Program Files\PICC\Drivers\usb_desc_hid.h
 1103     0   0  ..\..\..\..\..\..\Program Files\PICC\Drivers\usb.h
 1177   246  40  ..\..\..\..\..\..\Program Files\PICC\Drivers\usb.c
 1406   317  52  ..\..\..\..\..\..\Program Files\PICC\Drivers\pic18_usb.c
----- -----
 5562   614 Total

Page ROM  %  RAM   Vol Diff  Functions:
---- --- --- ---   --- ----  ----------
0     40   0    1             @delay_ms1
0     32   0    0             @const744
0     66   1    0             @const750
0     48   1    0             @const756
0     18   0    0             @const759
0     18   0    0             @const763
0     58   1    0             @const767
0     18   0    0             @const770
0     18   0    0             @const773
0     34   0    0             @const778
0     54   1    0             @const782
0     56   1    4   139  4.3  usb_kbhit
0     64   1    4   139  4.3  usb_tbe
0     36   0    1   145  3.2  usb_detach
0     34   0    0   136  2.2  usb_attach
0      6   0    0    16  1.0  usb_init_cs
0     34   0    1   367  5.2  usb_task
0     14   0    0    61  2.5  usb_init
0    214   2    9  1092  5.4  usb_flush_in
0    162   2   10   344  6.1  usb_put_packet
0    198   2    9   914  5.0  usb_flush_out
0    194   2   12   652  5.9  usb_get_packet_buffer
0     64   1    5   154  3.9  usb_get_packet
0     70   1    6   258  4.6  usb_stall_ep
0     68   1    6   266  4.6  usb_unstall_ep
0     86   1    5   373  6.0  usb_endpoint_stalled
0     22   0    1    94  2.7  usb_set_address
0    434   5   12  1774 10.4  usb_set_configured
0     76   1    5   199  3.2  usb_disable_endpoint
0     22   0    1    99  3.0  usb_disable_endpoints
0      4   0    0    61  4.0  usb_clear_trn
0    114   1    2   662  6.8  usb_isr
0      6   0    0    43  2.0  usb_isr_sof
0     42   0    0   357  4.2  usb_isr_rst
0     32   0    0   508  4.0  usb_init_ep0_setup
0      8   0    0    74  2.8  usb_isr_uerr
0     10   0    0    82  2.8  usb_isr_uidle
0     16   0    0   102  3.3  usb_isr_activity
0     14   0    0   151  3.9  usb_isr_stall
0      6   0    1    30  1.7  usb_request_send_response
0      4   0    0    22  1.2  usb_request_stall
0    206   2    2  3177  9.3  usb_isr_tok_dne
0      6   0    0    29  1.9  usb_enumerated
0     12   0    0    52  2.1  usb_wait_for_enumeration
0     40   0    3   255  4.0  usb_token_reset
0     86   1    3   274  5.9  usb_endpoint_is_valid
0     24   0    1   158  3.1  usb_isr_tok_in_dne
0      6   0    1    53  1.9  usb_isr_tok_out_dne
0     50   1    0   375  6.4  usb_isr_tok_setup_dne
0    170   2    0  1454  8.3  usb_isr_tkn_setup_StandardDevice
0    158   2    3   995  7.8  usb_isr_tkn_setup_StandardInterface
0     94   1    0   753  5.8  usb_isr_tkn_setup_StandardEndpoint
0     12   0    0   105  3.8  usb_isr_tkn_setup_ClassInterface
0    292   3    1  1492  8.8  usb_Get_Descriptor
0     14   0    0    76  1.8  usb_finish_set_address
0    170   2    4   673  8.1  usb_copy_desc_seg_to_ep
0     34   0    0             @goto11627
0    296   3    2  1629  8.3  MAIN
 Inline         0             @cinit1

Program metrics:
    Functions               46
    Statements              614
    Comments                2334
    Volume (V)              37588
    Difficulty (D)          213.2
    Effort to implement (E) 8014001
    Time to implement (T)   123 hours, 40 minutes
    Est Delivered Bugs (B)  13
    Cyclomatic Complexity   117
    Maintainability (MI)    44

 Segment     Used  Free
-----------  ----  ----
00000-00002     4  0  
00004-00006     4  0  
00008-00094   142  0  
00096-07FFE  4180  28438  



